<?xml version="1.0" encoding="UTF-8"?>
<testsuite xmlns:xsi="http://www.w3.org/2001/XMLSchema-instance" xsi:noNamespaceSchemaLocation="https://maven.apache.org/surefire/maven-surefire-plugin/xsd/surefire-test-report.xsd" name="com.qianhong.calculator.CalculatorServiceTest" time="0.773" tests="5" errors="0" skipped="0" failures="0">
  <properties>
[...]
</properties>
  <testcase name="testAdd" classname="com.qianhong.calculator.CalculatorServiceTest" time="0.58"/>
  <testcase name="testDiv" classname="com.qianhong.calculator.CalculatorServiceTest" time="0"/>
  <testcase name="testMul" classname="com.qianhong.calculator.CalculatorServiceTest" time="0"/>
  <testcase name="testSub" classname="com.qianhong.calculator.CalculatorServiceTest" time="0"/>
  <testcase name="testPing" classname="com.qianhong.calculator.CalculatorServiceTest" time="0.009"/>
</testsuite>