<?xml version="1.0" encoding="UTF-8"?>
<checkstyle version="6.18">
<file name="C:\Users\PC\Desktop\java-maven-calculator-web-app-java-maven-calculator-web-app-2.0\src\main\java\com\qianhong\calculator\CalculatorResponse.java">
<error line="0" severity="error" message="File does not end with a newline." source="com.puppycrawl.tools.checkstyle.checks.NewlineAtEndOfFileCheck"/>
<error line="0" severity="error" message="Missing package-info.java file." source="com.puppycrawl.tools.checkstyle.checks.javadoc.JavadocPackageCheck"/>
<error line="5" severity="error" message="Missing a Javadoc comment." source="com.puppycrawl.tools.checkstyle.checks.javadoc.JavadocTypeCheck"/>
<error line="7" column="5" severity="error" message="Missing a Javadoc comment." source="com.puppycrawl.tools.checkstyle.checks.javadoc.JavadocVariableCheck"/>
<error line="7" column="9" severity="error" message="Name &apos;_x&apos; must match pattern &apos;^[a-z][a-zA-Z0-9]*$&apos;." source="com.puppycrawl.tools.checkstyle.checks.naming.MemberNameCheck"/>
<error line="7" column="9" severity="error" message="Variable &apos;_x&apos; must be private and have accessor methods." source="com.puppycrawl.tools.checkstyle.checks.design.VisibilityModifierCheck"/>
<error line="8" column="5" severity="error" message="Missing a Javadoc comment." source="com.puppycrawl.tools.checkstyle.checks.javadoc.JavadocVariableCheck"/>
<error line="8" column="9" severity="error" message="Name &apos;_y&apos; must match pattern &apos;^[a-z][a-zA-Z0-9]*$&apos;." source="com.puppycrawl.tools.checkstyle.checks.naming.MemberNameCheck"/>
<error line="8" column="9" severity="error" message="Variable &apos;_y&apos; must be private and have accessor methods." source="com.puppycrawl.tools.checkstyle.checks.design.VisibilityModifierCheck"/>
<error line="9" column="5" severity="error" message="Missing a Javadoc comment." source="com.puppycrawl.tools.checkstyle.checks.javadoc.JavadocVariableCheck"/>
<error line="9" column="9" severity="error" message="Name &apos;_result&apos; must match pattern &apos;^[a-z][a-zA-Z0-9]*$&apos;." source="com.puppycrawl.tools.checkstyle.checks.naming.MemberNameCheck"/>
<error line="9" column="9" severity="error" message="Variable &apos;_result&apos; must be private and have accessor methods." source="com.puppycrawl.tools.checkstyle.checks.design.VisibilityModifierCheck"/>
<error line="10" column="5" severity="error" message="Missing a Javadoc comment." source="com.puppycrawl.tools.checkstyle.checks.javadoc.JavadocVariableCheck"/>
<error line="10" column="12" severity="error" message="Name &apos;_time&apos; must match pattern &apos;^[a-z][a-zA-Z0-9]*$&apos;." source="com.puppycrawl.tools.checkstyle.checks.naming.MemberNameCheck"/>
<error line="10" column="12" severity="error" message="Variable &apos;_time&apos; must be private and have accessor methods." source="com.puppycrawl.tools.checkstyle.checks.design.VisibilityModifierCheck"/>
<error line="12" column="5" severity="error" message="Missing a Javadoc comment." source="com.puppycrawl.tools.checkstyle.checks.javadoc.JavadocMethodCheck"/>
<error line="12" column="31" severity="error" message="Parameter x should be final." source="com.puppycrawl.tools.checkstyle.checks.FinalParametersCheck"/>
<error line="12" column="38" severity="error" message="Parameter y should be final." source="com.puppycrawl.tools.checkstyle.checks.FinalParametersCheck"/>
<error line="12" column="45" severity="error" message="Parameter result should be final." source="com.puppycrawl.tools.checkstyle.checks.FinalParametersCheck"/>
<error line="19" column="5" severity="error" message="Method &apos;getX&apos; is not designed for extension - needs to be abstract, final or empty." source="com.puppycrawl.tools.checkstyle.checks.design.DesignForExtensionCheck"/>
<error line="19" column="5" severity="error" message="Missing a Javadoc comment." source="com.puppycrawl.tools.checkstyle.checks.javadoc.JavadocMethodCheck"/>
<error line="23" column="5" severity="error" message="Method &apos;getY&apos; is not designed for extension - needs to be abstract, final or empty." source="com.puppycrawl.tools.checkstyle.checks.design.DesignForExtensionCheck"/>
<error line="23" column="5" severity="error" message="Missing a Javadoc comment." source="com.puppycrawl.tools.checkstyle.checks.javadoc.JavadocMethodCheck"/>
<error line="27" column="5" severity="error" message="Method &apos;getResult&apos; is not designed for extension - needs to be abstract, final or empty." source="com.puppycrawl.tools.checkstyle.checks.design.DesignForExtensionCheck"/>
<error line="27" column="5" severity="error" message="Missing a Javadoc comment." source="com.puppycrawl.tools.checkstyle.checks.javadoc.JavadocMethodCheck"/>
<error line="31" column="5" severity="error" message="Method &apos;getTime&apos; is not designed for extension - needs to be abstract, final or empty." source="com.puppycrawl.tools.checkstyle.checks.design.DesignForExtensionCheck"/>
<error line="31" column="5" severity="error" message="Missing a Javadoc comment." source="com.puppycrawl.tools.checkstyle.checks.javadoc.JavadocMethodCheck"/>
</file>
<file name="C:\Users\PC\Desktop\java-maven-calculator-web-app-java-maven-calculator-web-app-2.0\src\main\java\com\qianhong\calculator\CalculatorService.java">
<error line="0" severity="error" message="File does not end with a newline." source="com.puppycrawl.tools.checkstyle.checks.NewlineAtEndOfFileCheck"/>
<error line="10" severity="error" message="Missing a Javadoc comment." source="com.puppycrawl.tools.checkstyle.checks.javadoc.JavadocTypeCheck"/>
<error line="13" column="5" severity="error" message="Method &apos;ping&apos; is not designed for extension - needs to be abstract, final or empty." source="com.puppycrawl.tools.checkstyle.checks.design.DesignForExtensionCheck"/>
<error line="13" column="5" severity="error" message="Missing a Javadoc comment." source="com.puppycrawl.tools.checkstyle.checks.javadoc.JavadocMethodCheck"/>
<error line="17" severity="error" message="Line is longer than 80 characters (found 87)." source="com.puppycrawl.tools.checkstyle.checks.sizes.LineLengthCheck"/>
<error line="20" column="5" severity="error" message="Method &apos;Add&apos; is not designed for extension - needs to be abstract, final or empty." source="com.puppycrawl.tools.checkstyle.checks.design.DesignForExtensionCheck"/>
<error line="20" column="5" severity="error" message="Missing a Javadoc comment." source="com.puppycrawl.tools.checkstyle.checks.javadoc.JavadocMethodCheck"/>
<error line="23" severity="error" message="Line is longer than 80 characters (found 83)." source="com.puppycrawl.tools.checkstyle.checks.sizes.LineLengthCheck"/>
<error line="23" column="31" severity="error" message="Name &apos;Add&apos; must match pattern &apos;^[a-z][a-zA-Z0-9]*$&apos;." source="com.puppycrawl.tools.checkstyle.checks.naming.MethodNameCheck"/>
<error line="23" column="35" severity="error" message="Parameter x should be final." source="com.puppycrawl.tools.checkstyle.checks.FinalParametersCheck"/>
<error line="23" column="59" severity="error" message="Parameter y should be final." source="com.puppycrawl.tools.checkstyle.checks.FinalParametersCheck"/>
<error line="27" column="5" severity="error" message="Method &apos;Sub&apos; is not designed for extension - needs to be abstract, final or empty." source="com.puppycrawl.tools.checkstyle.checks.design.DesignForExtensionCheck"/>
<error line="27" column="5" severity="error" message="Missing a Javadoc comment." source="com.puppycrawl.tools.checkstyle.checks.javadoc.JavadocMethodCheck"/>
<error line="30" severity="error" message="Line is longer than 80 characters (found 83)." source="com.puppycrawl.tools.checkstyle.checks.sizes.LineLengthCheck"/>
<error line="30" column="31" severity="error" message="Name &apos;Sub&apos; must match pattern &apos;^[a-z][a-zA-Z0-9]*$&apos;." source="com.puppycrawl.tools.checkstyle.checks.naming.MethodNameCheck"/>
<error line="30" column="35" severity="error" message="Parameter x should be final." source="com.puppycrawl.tools.checkstyle.checks.FinalParametersCheck"/>
<error line="30" column="59" severity="error" message="Parameter y should be final." source="com.puppycrawl.tools.checkstyle.checks.FinalParametersCheck"/>
<error line="34" column="5" severity="error" message="Method &apos;Mul&apos; is not designed for extension - needs to be abstract, final or empty." source="com.puppycrawl.tools.checkstyle.checks.design.DesignForExtensionCheck"/>
<error line="34" column="5" severity="error" message="Missing a Javadoc comment." source="com.puppycrawl.tools.checkstyle.checks.javadoc.JavadocMethodCheck"/>
<error line="37" severity="error" message="Line is longer than 80 characters (found 83)." source="com.puppycrawl.tools.checkstyle.checks.sizes.LineLengthCheck"/>
<error line="37" column="31" severity="error" message="Name &apos;Mul&apos; must match pattern &apos;^[a-z][a-zA-Z0-9]*$&apos;." source="com.puppycrawl.tools.checkstyle.checks.naming.MethodNameCheck"/>
<error line="37" column="35" severity="error" message="Parameter x should be final." source="com.puppycrawl.tools.checkstyle.checks.FinalParametersCheck"/>
<error line="37" column="59" severity="error" message="Parameter y should be final." source="com.puppycrawl.tools.checkstyle.checks.FinalParametersCheck"/>
<error line="41" column="5" severity="error" message="Method &apos;Div&apos; is not designed for extension - needs to be abstract, final or empty." source="com.puppycrawl.tools.checkstyle.checks.design.DesignForExtensionCheck"/>
<error line="41" column="5" severity="error" message="Missing a Javadoc comment." source="com.puppycrawl.tools.checkstyle.checks.javadoc.JavadocMethodCheck"/>
<error line="44" severity="error" message="Line is longer than 80 characters (found 83)." source="com.puppycrawl.tools.checkstyle.checks.sizes.LineLengthCheck"/>
<error line="44" column="31" severity="error" message="Name &apos;Div&apos; must match pattern &apos;^[a-z][a-zA-Z0-9]*$&apos;." source="com.puppycrawl.tools.checkstyle.checks.naming.MethodNameCheck"/>
<error line="44" column="35" severity="error" message="Parameter x should be final." source="com.puppycrawl.tools.checkstyle.checks.FinalParametersCheck"/>
<error line="44" column="59" severity="error" message="Parameter y should be final." source="com.puppycrawl.tools.checkstyle.checks.FinalParametersCheck"/>
</file>
</checkstyle>
